<?xml version="1.0" encoding="UTF-8"?>
<testsuite name="org.example.RowsTest" tests="3" skipped="0" failures="0" errors="0" timestamp="2023-09-24T14:11:27" hostname="DESKTOP-H7QGE30" time="0.044">
  <properties/>
  <testcase name="Row_선_추가_오류()" classname="org.example.RowsTest" time="0.034"/>
  <testcase name="Row_하나_생성()" classname="org.example.RowsTest" time="0.002"/>
  <testcase name="Row_선_추가()" classname="org.example.RowsTest" time="0.004"/>
  <system-out><![CDATA[]]></system-out>
  <system-err><![CDATA[]]></system-err>
</testsuite>
