<?xml version="1.0" encoding="UTF-8"?>
<testsuite name="org.example.LadderGameTest" tests="4" skipped="0" failures="0" errors="0" timestamp="2023-09-26T07:45:21" hostname="DESKTOP-H7QGE30" time="0.038">
  <properties/>
  <testcase name="사다리_라인생성후_테스트()" classname="org.example.LadderGameTest" time="0.024"/>
  <testcase name="Ladder_하나_생성()" classname="org.example.LadderGameTest" time="0.006"/>
  <testcase name="사다리게임_라인생성후_테스트()" classname="org.example.LadderGameTest" time="0.002"/>
  <testcase name="사다리게임_테스트()" classname="org.example.LadderGameTest" time="0.001"/>
  <system-out><![CDATA[]]></system-out>
  <system-err><![CDATA[]]></system-err>
</testsuite>
