<?xml version="1.0" encoding="UTF-8"?>
<testsuite name="org.example.LadderTest" tests="4" skipped="0" failures="0" errors="0" timestamp="2023-09-26T04:32:13" hostname="DESKTOP-H7QGE30" time="0.065">
  <properties/>
  <testcase name="사다리_라인생성후_테스트()" classname="org.example.LadderTest" time="0.039"/>
  <testcase name="Ladder_하나_생성()" classname="org.example.LadderTest" time="0.009"/>
  <testcase name="사다리게임_라인생성후_테스트()" classname="org.example.LadderTest" time="0.005"/>
  <testcase name="사다리게임_테스트()" classname="org.example.LadderTest" time="0.004"/>
  <system-out><![CDATA[]]></system-out>
  <system-err><![CDATA[]]></system-err>
</testsuite>
