<?xml version="1.0" encoding="UTF-8"?>
<testsuite name="org.example.LadderTest" tests="1" skipped="0" failures="0" errors="0" timestamp="2023-09-24T12:58:29" hostname="DESKTOP-H7QGE30" time="0.033">
  <properties/>
  <testcase name="사다리게임_라인생성후_테스트()" classname="org.example.LadderTest" time="0.033"/>
  <system-out><![CDATA[]]></system-out>
  <system-err><![CDATA[]]></system-err>
</testsuite>
